optseq2
$Id: optseq2.c,v 2.21.2.1 2011/04/21 19:50:06 greve Exp $
NoSearch  = 0
nSearch  = 10000
nKeep    = 5
PctUpdate  = 10.000000
nCB1Opt  = 0
seed     = 813852
Ntp  = 162
TR   = 2
TPreScan   = 0
PSD Window   = 0 20 0.5
nEvTypes = 3
EvNo    Label Duration nRepsNom
 1     single  4.500   18
 2       homo  4.500   18
 3     hetero  4.500   18
PctVarEvReps = 0
VarEvRepsPerCond = 0
PolyOrder = -1
tNullMax = -1
tNullMin = 0
AR1 = 0
No refractory penalty
Cost = eff
OutStem = ex1
Summary File = ex1.sum

Pct nSrch MinSrch Cost Eff Cb1Err VRFAvg VRFStd VRFMin VRFMax VRFRange nSince

BeginUpdateLog
 0       1     0.0   0.00719806  0.00719806  0.1667  1.18278  0.521394  0.174118  2.89384  2.71972 5107 0
 0       6     0.0   0.00944175  0.00944175  0.1667  1.41346  0.596262  0.336549  3.00017  2.66362 5093 0
 0       6     0.0   0.00944175  0.00944175  0.1667  1.41346  0.596262  0.336549  3.00017  2.66362 5093 0
 0       8     0.0   0.00944175  0.00944175  0.1667  1.41346  0.596262  0.336549  3.00017  2.66362 5093 0
 0       8     0.0   0.00944175  0.00944175  0.1667  1.41346  0.596262  0.336549  3.00017  2.66362 5093 0
 0       9     0.0   0.00944175  0.00944175  0.1667  1.41346  0.596262  0.336549  3.00017  2.66362 5093 0
 0       9     0.0   0.00944175  0.00944175  0.1667  1.41346  0.596262  0.336549  3.00017  2.66362 5093 0
 0      12     0.0   0.00944175  0.00944175  0.1667  1.41346  0.596262  0.336549  3.00017  2.66362 5093 2
 0      12     0.0   0.00944175  0.00944175  0.1667  1.41346  0.596262  0.336549  3.00017  2.66362 5093 0
 0      15     0.0   0.00944175  0.00944175  0.1667  1.41346  0.596262  0.336549  3.00017  2.66362 5093 2
 0      15     0.0   0.00944175  0.00944175  0.1667  1.41346  0.596262  0.336549  3.00017  2.66362 5093 0
 0      16     0.0   0.00944175  0.00944175  0.1667  1.41346  0.596262  0.336549  3.00017  2.66362 5093 0
 0      16     0.0   0.00944175  0.00944175  0.1667  1.41346  0.596262  0.336549  3.00017  2.66362 5093 0
 0      21     0.0   0.00944175  0.00944175  0.1667  1.41346  0.596262  0.336549  3.00017  2.66362 5093 4
 0      21     0.0   0.00944175  0.00944175  0.1667  1.41346  0.596262  0.336549  3.00017  2.66362 5093 0
 0      22     0.0   0.00944175  0.00944175  0.1667  1.41346  0.596262  0.336549  3.00017  2.66362 5093 0
 0      22     0.0   0.00944175  0.00944175  0.1667  1.41346  0.596262  0.336549  3.00017  2.66362 5093 0
 0      34     0.0   0.00944175  0.00944175  0.1667  1.41346  0.596262  0.336549  3.00017  2.66362 5093 10
 0      34     0.0   0.00986312  0.00986312  0.2778  1.3127  0.416705  0.56982  2.45749  1.88767 4948 0
 0      49     0.0   0.00986312  0.00986312  0.2778  1.3127  0.416705  0.56982  2.45749  1.88767 4948 14
 0      49     0.0   0.00986312  0.00986312  0.2778  1.3127  0.416705  0.56982  2.45749  1.88767 4948 0
 0      60     0.0   0.00986312  0.00986312  0.2778  1.3127  0.416705  0.56982  2.45749  1.88767 4948 8
 0      60     0.0   0.00986312  0.00986312  0.2778  1.3127  0.416705  0.56982  2.45749  1.88767 4948 0
 0      62     0.0   0.00986312  0.00986312  0.2778  1.3127  0.416705  0.56982  2.45749  1.88767 4948 1
 0      62     0.0   0.00986312  0.00986312  0.2778  1.3127  0.416705  0.56982  2.45749  1.88767 4948 0
 0      73     0.0   0.00986312  0.00986312  0.2778  1.3127  0.416705  0.56982  2.45749  1.88767 4948 10
 0      73     0.0   0.00986312  0.00986312  0.2778  1.3127  0.416705  0.56982  2.45749  1.88767 4948 0
 0      95     0.0   0.00986312  0.00986312  0.2778  1.3127  0.416705  0.56982  2.45749  1.88767 4948 20
 0      95     0.0   0.00986312  0.00986312  0.2778  1.3127  0.416705  0.56982  2.45749  1.88767 4948 0
 1     115     0.0   0.00986312  0.00986312  0.2778  1.3127  0.416705  0.56982  2.45749  1.88767 4948 15
 1     115     0.0   0.0105452  0.0105452  0.1296  1.36037  0.356177  0.737097  2.15289  1.4158 5023 0
 1     119     0.0   0.0105452  0.0105452  0.1296  1.36037  0.356177  0.737097  2.15289  1.4158 5023 3
 1     119     0.0   0.0105452  0.0105452  0.1296  1.36037  0.356177  0.737097  2.15289  1.4158 5023 0
 1     138     0.0   0.0105452  0.0105452  0.1296  1.36037  0.356177  0.737097  2.15289  1.4158 5023 18
 1     138     0.0   0.0105452  0.0105452  0.1296  1.36037  0.356177  0.737097  2.15289  1.4158 5023 0
 1     140     0.0   0.0105452  0.0105452  0.1296  1.36037  0.356177  0.737097  2.15289  1.4158 5023 1
 1     140     0.0   0.0105452  0.0105452  0.1296  1.36037  0.356177  0.737097  2.15289  1.4158 5023 0
 1     153     0.1   0.0105452  0.0105452  0.1296  1.36037  0.356177  0.737097  2.15289  1.4158 5023 11
 1     153     0.1   0.0105452  0.0105452  0.1296  1.36037  0.356177  0.737097  2.15289  1.4158 5023 0
 1     193     0.1   0.0105452  0.0105452  0.1296  1.36037  0.356177  0.737097  2.15289  1.4158 5023 38
 1     193     0.1   0.0105452  0.0105452  0.1296  1.36037  0.356177  0.737097  2.15289  1.4158 5023 0
 2     220     0.1   0.0105452  0.0105452  0.1296  1.36037  0.356177  0.737097  2.15289  1.4158 5023 25
 2     220     0.1   0.010582  0.010582  0.1667  1.36439  0.357467  0.606773  2.20711  1.60033 5094 0
 2     241     0.1   0.010582  0.010582  0.1667  1.36439  0.357467  0.606773  2.20711  1.60033 5094 19
 2     241     0.1   0.010582  0.010582  0.1667  1.36439  0.357467  0.606773  2.20711  1.60033 5094 0
 2     263     0.1   0.010582  0.010582  0.1667  1.36439  0.357467  0.606773  2.20711  1.60033 5094 20
 2     263     0.1   0.010582  0.010582  0.1667  1.36439  0.357467  0.606773  2.20711  1.60033 5094 0
 3     337     0.1   0.010582  0.010582  0.1667  1.36439  0.357467  0.606773  2.20711  1.60033 5094 70
 3     337     0.1   0.010582  0.010582  0.1667  1.36439  0.357467  0.606773  2.20711  1.60033 5094 0
 3     385     0.1   0.010582  0.010582  0.1667  1.36439  0.357467  0.606773  2.20711  1.60033 5094 46
 3     385     0.1   0.010582  0.010582  0.1667  1.36439  0.357467  0.606773  2.20711  1.60033 5094 0
 3     397     0.1   0.010582  0.010582  0.1667  1.36439  0.357467  0.606773  2.20711  1.60033 5094 10
 3     397     0.1   0.0108285  0.0108285  0.2778  1.35546  0.2913  0.847325  2.30752  1.46019 5069 0
 4     417     0.1   0.0108285  0.0108285  0.2778  1.35546  0.2913  0.847325  2.30752  1.46019 5069 17
 4     417     0.1   0.0108285  0.0108285  0.2778  1.35546  0.2913  0.847325  2.30752  1.46019 5069 0
 5     561     0.1   0.0108285  0.0108285  0.2778  1.35546  0.2913  0.847325  2.30752  1.46019 5069 137
 5     561     0.1   0.0108285  0.0108285  0.2778  1.35546  0.2913  0.847325  2.30752  1.46019 5069 0
 7     724     0.2   0.0108285  0.0108285  0.2778  1.35546  0.2913  0.847325  2.30752  1.46019 5069 149
 7     724     0.2   0.010936  0.010936  0.0556  1.38176  0.312032  0.834116  2.10053  1.26642 5032 0
 8     853     0.2   0.010936  0.010936  0.0556  1.38176  0.312032  0.834116  2.10053  1.26642 5032 123
 8     853     0.2   0.010936  0.010936  0.0556  1.38176  0.312032  0.834116  2.10053  1.26642 5032 0
 8     862     0.2   0.010936  0.010936  0.0556  1.38176  0.312032  0.834116  2.10053  1.26642 5032 7
 8     862     0.2   0.0112602  0.0112602  0.1667  1.43441  0.351437  0.751142  2.29227  1.54112 5023 0
 9     976     0.2   0.0112602  0.0112602  0.1667  1.43441  0.351437  0.751142  2.29227  1.54112 5023 107
 9     976     0.2   0.0112602  0.0112602  0.1667  1.43441  0.351437  0.751142  2.29227  1.54112 5023 0
11    1100     0.3   0.0112602  0.0112602  0.1667  1.43441  0.351437  0.751142  2.29227  1.54112 5023 119
11    1116     0.3   0.0112602  0.0112602  0.1667  1.43441  0.351437  0.751142  2.29227  1.54112 5023 133
11    1116     0.3   0.0112602  0.0112602  0.1667  1.43441  0.351437  0.751142  2.29227  1.54112 5023 0
14    1437     0.4   0.0112602  0.0112602  0.1667  1.43441  0.351437  0.751142  2.29227  1.54112 5023 307
14    1437     0.4   0.0112602  0.0112602  0.1667  1.43441  0.351437  0.751142  2.29227  1.54112 5023 0
18    1831     0.5   0.0112602  0.0112602  0.1667  1.43441  0.351437  0.751142  2.29227  1.54112 5023 377
18    1831     0.5   0.0112602  0.0112602  0.1667  1.43441  0.351437  0.751142  2.29227  1.54112 5023 0
22    2200     0.6   0.0112602  0.0112602  0.1667  1.43441  0.351437  0.751142  2.29227  1.54112 5023 353
30    3038     0.8   0.0112602  0.0112602  0.1667  1.43441  0.351437  0.751142  2.29227  1.54112 5023 1142
30    3038     0.8   0.0116148  0.0116148  0.1667  1.46168  0.343964  0.732128  2.86658  2.13445 5040 0
33    3300     0.9   0.0116148  0.0116148  0.1667  1.46168  0.343964  0.732128  2.86658  2.13445 5040 252
41    4200     1.1   0.0116148  0.0116148  0.1667  1.46168  0.343964  0.732128  2.86658  2.13445 5040 1107
41    4200     1.1   0.0116148  0.0116148  0.1667  1.46168  0.343964  0.732128  2.86658  2.13445 5040 0
44    4400     1.1   0.0116148  0.0116148  0.1667  1.46168  0.343964  0.732128  2.86658  2.13445 5040 194
55    5500     1.4   0.0116148  0.0116148  0.1667  1.46168  0.343964  0.732128  2.86658  2.13445 5040 1240
56    5622     1.5   0.0116148  0.0116148  0.1667  1.46168  0.343964  0.732128  2.86658  2.13445 5040 1355
56    5622     1.5   0.0116148  0.0116148  0.1667  1.46168  0.343964  0.732128  2.86658  2.13445 5040 0
59    5916     1.5   0.0116148  0.0116148  0.1667  1.46168  0.343964  0.732128  2.86658  2.13445 5040 275
59    5916     1.5   0.0116148  0.0116148  0.1667  1.46168  0.343964  0.732128  2.86658  2.13445 5040 0
63    6340     1.6   0.0116148  0.0116148  0.1667  1.46168  0.343964  0.732128  2.86658  2.13445 5040 412
63    6340     1.6   0.0116667  0.0116667  0.0926  1.50603  0.401149  0.802019  2.58862  1.7866 5109 0
64    6456     1.7   0.0116667  0.0116667  0.0926  1.50603  0.401149  0.802019  2.58862  1.7866 5109 109
64    6456     1.7   0.0116667  0.0116667  0.0926  1.50603  0.401149  0.802019  2.58862  1.7866 5109 0
66    6600     1.7   0.0116667  0.0116667  0.0926  1.50603  0.401149  0.802019  2.58862  1.7866 5109 134
77    7700     2.0   0.0116667  0.0116667  0.0926  1.50603  0.401149  0.802019  2.58862  1.7866 5109 1176
88    8800     2.3   0.0116667  0.0116667  0.0926  1.50603  0.401149  0.802019  2.58862  1.7866 5109 2225
99    9900     2.5   0.0116667  0.0116667  0.0926  1.50603  0.401149  0.802019  2.58862  1.7866 5109 3276
100   10000     2.6   0.0116667  0.0116667  0.0926  1.50603  0.401149  0.802019  2.58862  1.7866 5109 3371
EndUpdateLog

Done
